[08:04:2026]-[14:13:04]_secret_RUNNING
[08:04:2026]-[14:13:04]_secret_SUCCESS
[08:04:2026]-[14:13:04]_surprise_RUNNING
[08:04:2026]-[14:13:04]_surprise_SUCCESS
[08:04:2026]-[14:13:14]_secret_RUNNING
[08:04:2026]-[14:13:14]_secret_SUCCESS
[08:04:2026]-[14:13:14]_surprise_RUNNING
[08:04:2026]-[14:13:14]_surprise_SUCCESS
[08:04:2026]-[14:13:24]_secret_RUNNING
[08:04:2026]-[14:13:24]_secret_SUCCESS
[08:04:2026]-[14:13:24]_surprise_RUNNING
[08:04:2026]-[14:13:24]_surprise_SUCCESS
[08:04:2026]-[14:13:27]_decrypt_RUNNING
[08:04:2026]-[14:13:27]_decrypt_SUCCESS
[08:04:2026]-[14:13:34]_secret_RUNNING
[08:04:2026]-[14:13:34]_secret_SUCCESS
[08:04:2026]-[14:13:34]_surprise_RUNNING
[08:04:2026]-[14:13:34]_surprise_SUCCESS
[08:04:2026]-[14:13:44]_secret_RUNNING
[08:04:2026]-[14:13:44]_secret_SUCCESS
[08:04:2026]-[14:13:44]_surprise_RUNNING
[08:04:2026]-[14:13:44]_surprise_SUCCESS
[08:04:2026]-[14:13:54]_secret_RUNNING
[08:04:2026]-[14:13:54]_secret_SUCCESS
[08:04:2026]-[14:13:54]_surprise_RUNNING
[08:04:2026]-[14:13:54]_surprise_SUCCESS
[08:04:2026]-[14:14:04]_secret_RUNNING
[08:04:2026]-[14:14:04]_secret_SUCCESS
[08:04:2026]-[14:14:04]_surprise_RUNNING
[08:04:2026]-[14:14:05]_surprise_SUCCESS
[08:04:2026]-[14:14:15]_secret_RUNNING
[08:04:2026]-[14:14:15]_secret_SUCCESS
[08:04:2026]-[14:14:15]_surprise_RUNNING
[08:04:2026]-[14:14:15]_surprise_SUCCESS
[08:04:2026]-[14:14:25]_secret_RUNNING
[08:04:2026]-[14:14:25]_secret_SUCCESS
[08:04:2026]-[14:14:25]_surprise_RUNNING
[08:04:2026]-[14:14:25]_surprise_SUCCESS
[08:04:2026]-[14:14:27]_decrypt_RUNNING
[08:04:2026]-[14:14:27]_decrypt_SUCCESS
[08:04:2026]-[14:14:35]_secret_RUNNING
[08:04:2026]-[14:14:35]_secret_SUCCESS
[08:04:2026]-[14:14:35]_surprise_RUNNING
[08:04:2026]-[14:14:35]_surprise_SUCCESS
[08:04:2026]-[14:14:45]_secret_RUNNING
[08:04:2026]-[14:14:45]_secret_SUCCESS
[08:04:2026]-[14:14:45]_surprise_RUNNING
[08:04:2026]-[14:14:45]_surprise_SUCCESS
[08:04:2026]-[14:14:55]_secret_RUNNING
[08:04:2026]-[14:14:55]_secret_SUCCESS
[08:04:2026]-[14:14:55]_surprise_RUNNING
[08:04:2026]-[14:14:55]_surprise_SUCCESS
[08:04:2026]-[14:14:59]_kill_SUCCESS
